c:\users\zbook\source\repos\gamealaddin\gamealaddin\debug\vc141.pdb
c:\users\zbook\source\repos\gamealaddin\gamealaddin\debug\vc141.idb
c:\users\zbook\source\repos\gamealaddin\gamealaddin\debug\scenemanager.obj
c:\users\zbook\source\repos\gamealaddin\gamealaddin\debug\scenegame.obj
c:\users\zbook\source\repos\gamealaddin\gamealaddin\debug\scene.obj
c:\users\zbook\source\repos\gamealaddin\gamealaddin\debug\main.obj
c:\users\zbook\source\repos\gamealaddin\gamealaddin\debug\game.obj
c:\users\zbook\source\repos\gamealaddin\gamealaddin\debug\textures.obj
c:\users\zbook\source\repos\gamealaddin\gamealaddin\debug\sprite.obj
c:\users\zbook\source\repos\gamealaddin\gamealaddin\debug\map.obj
c:\users\zbook\source\repos\gamealaddin\gamealaddin\debug\debug.obj
c:\users\zbook\source\repos\gamealaddin\gamealaddin\debug\camera.obj
c:\users\zbook\source\repos\gamealaddin\gamealaddin\debug\grid.obj
c:\users\zbook\source\repos\gamealaddin\gamealaddin\debug\cell.obj
c:\users\zbook\source\repos\gamealaddin\gamealaddin\debug\gameobject.obj
c:\users\zbook\source\repos\gamealaddin\gamealaddin\debug\animation.obj
c:\users\zbook\source\repos\gamealaddin\gamealaddin\debug\aladdin.obj
c:\users\zbook\source\repos\gamealaddin\gamealaddin\debug\aladdinstay.obj
c:\users\zbook\source\repos\gamealaddin\gamealaddin\debug\aladdinmove.obj
c:\users\zbook\source\repos\gamealaddin\gamealaddin\debug\aladdinstay1.obj
c:\users\zbook\source\repos\gamealaddin\gamealaddin\debug\staticobject.obj
c:\users\zbook\source\repos\gamealaddin\debug\gamealaddin.exe
c:\users\zbook\source\repos\gamealaddin\debug\gamealaddin.ilk
c:\users\zbook\source\repos\gamealaddin\debug\gamealaddin.pdb
c:\users\zbook\source\repos\gamealaddin\gamealaddin\debug\gamealaddin.tlog\cl.command.1.tlog
c:\users\zbook\source\repos\gamealaddin\gamealaddin\debug\gamealaddin.tlog\cl.read.1.tlog
c:\users\zbook\source\repos\gamealaddin\gamealaddin\debug\gamealaddin.tlog\cl.write.1.tlog
c:\users\zbook\source\repos\gamealaddin\gamealaddin\debug\gamealaddin.tlog\link.command.1.tlog
c:\users\zbook\source\repos\gamealaddin\gamealaddin\debug\gamealaddin.tlog\link.read.1.tlog
c:\users\zbook\source\repos\gamealaddin\gamealaddin\debug\gamealaddin.tlog\link.write.1.tlog
